# JRE version: OpenJDK Runtime Environment (8.0_152-b01) (build 1.8.0_152-release-1343-b01)
# Java VM: OpenJDK 64-Bit Server VM (25.152-b01 mixed mode windows-amd64 compressed oops)
Heap:
 PSYoungGen      total 349696K, used 164269K [0x00000000e0000000, 0x00000000f8f80000, 0x0000000100000000)
  eden space 303616K, 47% used [0x00000000e0000000,0x00000000e8d22970,0x00000000f2880000)
  from space 46080K, 42% used [0x00000000f2880000,0x00000000f3bc8b88,0x00000000f5580000)
  to   space 43520K, 0% used [0x00000000f6500000,0x00000000f6500000,0x00000000f8f80000)
 ParOldGen       total 117760K, used 83865K [0x00000000a0000000, 0x00000000a7300000, 0x00000000e0000000)
  object space 117760K, 71% used [0x00000000a0000000,0x00000000a51e6540,0x00000000a7300000)
 Metaspace       used 136084K, capacity 143248K, committed 143384K, reserved 1173504K
  class space    used 17400K, capacity 18659K, committed 18712K, reserved 1048576K
GC Heap History (10 events):
Event: 3748.833 GC heap before
{Heap before GC invocations=23 (full 4):
 PSYoungGen      total 282112K, used 15534K [0x00000000e0000000, 0x00000000f4880000, 0x0000000100000000)
  eden space 266240K, 0% used [0x00000000e0000000,0x00000000e0000000,0x00000000f0400000)
  from space 15872K, 97% used [0x00000000f2180000,0x00000000f30ab908,0x00000000f3100000)
  to   space 23552K, 0% used [0x00000000f3180000,0x00000000f3180000,0x00000000f4880000)
 ParOldGen       total 81920K, used 54991K [0x00000000a0000000, 0x00000000a5000000, 0x00000000e0000000)
  object space 81920K, 67% used [0x00000000a0000000,0x00000000a35b3f58,0x00000000a5000000)
 Metaspace       used 94287K, capacity 98506K, committed 98600K, reserved 1134592K
  class space    used 12110K, capacity 12917K, committed 12952K, reserved 1048576K
Event: 3749.448 GC heap after
Heap after GC invocations=23 (full 4):
 PSYoungGen      total 282112K, used 0K [0x00000000e0000000, 0x00000000f4880000, 0x0000000100000000)
  eden space 266240K, 0% used [0x00000000e0000000,0x00000000e0000000,0x00000000f0400000)
  from space 15872K, 0% used [0x00000000f2180000,0x00000000f2180000,0x00000000f3100000)
  to   space 23552K, 0% used [0x00000000f3180000,0x00000000f3180000,0x00000000f4880000)
 ParOldGen       total 117760K, used 46053K [0x00000000a0000000, 0x00000000a7300000, 0x00000000e0000000)
  object space 117760K, 39% used [0x00000000a0000000,0x00000000a2cf9758,0x00000000a7300000)
 Metaspace       used 93248K, capacity 96856K, committed 98600K, reserved 1134592K
  class space    used 11892K, capacity 12592K, committed 12952K, reserved 1048576K
}
Event: 3756.468 GC heap before
{Heap before GC invocations=24 (full 4):
 PSYoungGen      total 282112K, used 266240K [0x00000000e0000000, 0x00000000f4880000, 0x0000000100000000)
  eden space 266240K, 100% used [0x00000000e0000000,0x00000000f0400000,0x00000000f0400000)
  from space 15872K, 0% used [0x00000000f2180000,0x00000000f2180000,0x00000000f3100000)
  to   space 23552K, 0% used [0x00000000f3180000,0x00000000f3180000,0x00000000f4880000)
 ParOldGen       total 117760K, used 46053K [0x00000000a0000000, 0x00000000a7300000, 0x00000000e0000000)
  object space 117760K, 39% used [0x00000000a0000000,0x00000000a2cf9758,0x00000000a7300000)
 Metaspace       used 101961K, capacity 106636K, committed 106776K, reserved 1142784K
  class space    used 13236K, capacity 14084K, committed 14104K, reserved 1048576K
Event: 3756.631 GC heap after
Heap after GC invocations=24 (full 4):
 PSYoungGen      total 308736K, used 23528K [0x00000000e0000000, 0x00000000f5500000, 0x0000000100000000)
  eden space 285184K, 0% used [0x00000000e0000000,0x00000000e0000000,0x00000000f1680000)
  from space 23552K, 99% used [0x00000000f3180000,0x00000000f487a0d0,0x00000000f4880000)
  to   space 27648K, 0% used [0x00000000f1680000,0x00000000f1680000,0x00000000f3180000)
 ParOldGen       total 117760K, used 47437K [0x00000000a0000000, 0x00000000a7300000, 0x00000000e0000000)
  object space 117760K, 40% used [0x00000000a0000000,0x00000000a2e534d0,0x00000000a7300000)
 Metaspace       used 101961K, capacity 106636K, committed 106776K, reserved 1142784K
  class space    used 13236K, capacity 14084K, committed 14104K, reserved 1048576K
}
Event: 3792.481 GC heap before
{Heap before GC invocations=25 (full 4):
 PSYoungGen      total 308736K, used 308712K [0x00000000e0000000, 0x00000000f5500000, 0x0000000100000000)
  eden space 285184K, 100% used [0x00000000e0000000,0x00000000f1680000,0x00000000f1680000)
  from space 23552K, 99% used [0x00000000f3180000,0x00000000f487a0d0,0x00000000f4880000)
  to   space 27648K, 0% used [0x00000000f1680000,0x00000000f1680000,0x00000000f3180000)
 ParOldGen       total 117760K, used 47437K [0x00000000a0000000, 0x00000000a7300000, 0x00000000e0000000)
  object space 117760K, 40% used [0x00000000a0000000,0x00000000a2e534d0,0x00000000a7300000)
 Metaspace       used 118781K, capacity 124462K, committed 124824K, reserved 1157120K
  class space    used 15381K, capacity 16414K, committed 16536K, reserved 1048576K
Event: 3792.626 GC heap after
Heap after GC invocations=25 (full 4):
 PSYoungGen      total 312832K, used 27616K [0x00000000e0000000, 0x00000000f7a80000, 0x0000000100000000)
  eden space 285184K, 0% used [0x00000000e0000000,0x00000000e0000000,0x00000000f1680000)
  from space 27648K, 99% used [0x00000000f1680000,0x00000000f3178040,0x00000000f3180000)
  to   space 37888K, 0% used [0x00000000f5580000,0x00000000f5580000,0x00000000f7a80000)
 ParOldGen       total 117760K, used 64425K [0x00000000a0000000, 0x00000000a7300000, 0x00000000e0000000)
  object space 117760K, 54% used [0x00000000a0000000,0x00000000a3eea4a8,0x00000000a7300000)
 Metaspace       used 118781K, capacity 124462K, committed 124824K, reserved 1157120K
  class space    used 15381K, capacity 16414K, committed 16536K, reserved 1048576K
}
Event: 4468.161 GC heap before
{Heap before GC invocations=26 (full 4):
 PSYoungGen      total 312832K, used 312800K [0x00000000e0000000, 0x00000000f7a80000, 0x0000000100000000)
  eden space 285184K, 100% used [0x00000000e0000000,0x00000000f1680000,0x00000000f1680000)
  from space 27648K, 99% used [0x00000000f1680000,0x00000000f3178040,0x00000000f3180000)
  to   space 37888K, 0% used [0x00000000f5580000,0x00000000f5580000,0x00000000f7a80000)
 ParOldGen       total 117760K, used 64425K [0x00000000a0000000, 0x00000000a7300000, 0x00000000e0000000)
  object space 117760K, 54% used [0x00000000a0000000,0x00000000a3eea4a8,0x00000000a7300000)
 Metaspace       used 128028K, capacity 134178K, committed 134424K, reserved 1167360K
  class space    used 16281K, capacity 17410K, committed 17432K, reserved 1048576K
Event: 4468.368 GC heap after
Heap after GC invocations=26 (full 4):
 PSYoungGen      total 341504K, used 37882K [0x00000000e0000000, 0x00000000f8580000, 0x0000000100000000)
  eden space 303616K, 0% used [0x00000000e0000000,0x00000000e0000000,0x00000000f2880000)
  from space 37888K, 99% used [0x00000000f5580000,0x00000000f7a7e8d0,0x00000000f7a80000)
  to   space 46080K, 0% used [0x00000000f2880000,0x00000000f2880000,0x00000000f5580000)
 ParOldGen       total 117760K, used 69657K [0x00000000a0000000, 0x00000000a7300000, 0x00000000e0000000)
  object space 117760K, 59% used [0x00000000a0000000,0x00000000a4406698,0x00000000a7300000)
 Metaspace       used 128028K, capacity 134178K, committed 134424K, reserved 1167360K
  class space    used 16281K, capacity 17410K, committed 17432K, reserved 1048576K
}
Event: 4664.171 GC heap before
{Heap before GC invocations=27 (full 4):
 PSYoungGen      total 341504K, used 341498K [0x00000000e0000000, 0x00000000f8580000, 0x0000000100000000)
  eden space 303616K, 100% used [0x00000000e0000000,0x00000000f2880000,0x00000000f2880000)
  from space 37888K, 99% used [0x00000000f5580000,0x00000000f7a7e8d0,0x00000000f7a80000)
  to   space 46080K, 0% used [0x00000000f2880000,0x00000000f2880000,0x00000000f5580000)
 ParOldGen       total 117760K, used 69657K [0x00000000a0000000, 0x00000000a7300000, 0x00000000e0000000)
  object space 117760K, 59% used [0x00000000a0000000,0x00000000a4406698,0x00000000a7300000)
 Metaspace       used 135785K, capacity 142882K, committed 143128K, reserved 1173504K
  class space    used 17396K, capacity 18652K, committed 18712K, reserved 1048576K
Event: 4664.331 GC heap after
Heap after GC invocations=27 (full 4):
 PSYoungGen      total 349696K, used 19746K [0x00000000e0000000, 0x00000000f8f80000, 0x0000000100000000)
  eden space 303616K, 0% used [0x00000000e0000000,0x00000000e0000000,0x00000000f2880000)
  from space 46080K, 42% used [0x00000000f2880000,0x00000000f3bc8b88,0x00000000f5580000)
  to   space 43520K, 0% used [0x00000000f6500000,0x00000000f6500000,0x00000000f8f80000)
 ParOldGen       total 117760K, used 83865K [0x00000000a0000000, 0x00000000a7300000, 0x00000000e0000000)
  object space 117760K, 71% used [0x00000000a0000000,0x00000000a51e6540,0x00000000a7300000)
 Metaspace       used 135785K, capacity 142882K, committed 143128K, reserved 1173504K
  class space    used 17396K, capacity 18652K, committed 18712K, reserved 1048576K
}

